FILE: .\boot.asm                        (0001) ;  Generated by PSoC Designer 5.4.3191
                                        (0002) ;
                                        (0003) ;@Id: boot.tpl#903 @
                                        (0004) ;=============================================================================
                                        (0005) ;  FILENAME:   boot.asm
                                        (0006) ;  Version:    4.30
                                        (0007) ;
                                        (0008) ;  DESCRIPTION:
                                        (0009) ;  M8C Boot Code for CY8C21x34 microcontroller devices.
                                        (0010) ;
                                        (0011) ;  Copyright (c) Cypress Semiconductor 2015. All Rights Reserved.
                                        (0012) ;
                                        (0013) ; NOTES:
                                        (0014) ; PSoC Designer's Device Editor uses a template file, BOOT.TPL, located in
                                        (0015) ; the project's root directory to create BOOT.ASM. Any changes made to
                                        (0016) ; BOOT.ASM will be  overwritten every time the project is generated; therefore
                                        (0017) ; changes should be made to BOOT.TPL not BOOT.ASM. Care must be taken when
                                        (0018) ; modifying BOOT.TPL so that replacement strings (such as @PROJECT_NAME)
                                        (0019) ; are not accidentally modified.
                                        (0020) ;
                                        (0021) ;=============================================================================
                                        (0022) 
                                        (0023) include ".\lib\GlobalParams.inc"	;File generated by PSoC Designer (Project dependent)
                                        (0024) include "m8c.inc"			;Part specific file
                                        (0025) include "m8ssc.inc"			;Part specific file
                                        (0026) include "memory.inc"			;File generated by PSoC Designer (Project dependent)
                                        (0027) 
                                        (0028) ;--------------------------------------
                                        (0029) ; Export Declarations
                                        (0030) ;--------------------------------------
                                        (0031) 
                                        (0032) export __Start
                                        (0033) IF	(TOOLCHAIN & HITECH)
                                        (0034) ELSE
                                        (0035) export __bss_start
                                        (0036) export __data_start
                                        (0037) export __idata_start
                                        (0038) export __func_lit_start
                                        (0039) export __text_start
                                        (0040) ENDIF
                                        (0041) export  _bGetPowerSetting
                                        (0042) export   bGetPowerSetting
                                        (0043) 
                                        (0044) 
                                        (0045) ;--------------------------------------
                                        (0046) ; Optimization flags
                                        (0047) ;--------------------------------------
                                        (0048) ;
                                        (0049) ; To change the value of these flags, modify the file boot.tpl, not
                                        (0050) ; boot.asm. See the notes in the banner comment at the beginning of
                                        (0051) ; this file.
                                        (0052) 
                                        (0053) ; Optimization for Assembly language (only) projects and C-language projects
                                        (0054) ; that do not depend on the C compiler to initialize the values of RAM variables.
                                        (0055) ;   Set to 1: Support for C Run-time Environment initialization
                                        (0056) ;   Set to 0: Support for C not included. Faster start up, smaller code space.
                                        (0057) ;
                                        (0058) IF	(TOOLCHAIN & HITECH)
                                        (0059) ; The C compiler will customize the startup code - it's not required here
                                        (0060) 
                                        (0061) C_LANGUAGE_SUPPORT:              equ 0
                                        (0062) ELSE
                                        (0063) C_LANGUAGE_SUPPORT:              equ 1
                                        (0064) ENDIF
                                        (0065) 
                                        (0066) 
                                        (0067) ; For historical reasons, by default the boot code uses an lcall instruction
                                        (0068) ; to invoke the user's _main code. If _main executes a return instruction,
                                        (0069) ; boot provides an infinite loop. By changing the following equate from zero
                                        (0070) ; to 1, boot's lcall will be replaced by a ljmp instruction, saving two
                                        (0071) ; bytes on the stack which are otherwise required for the return address. If
                                        (0072) ; this option is enabled, _main must not return. (Beginning with the 4.2
                                        (0073) ; release, the C compiler automatically places an infinite loop at the end
                                        (0074) ; of main, rather than a return instruction.)
                                        (0075) ;
                                        (0076) ENABLE_LJMP_TO_MAIN:             equ 0
                                        (0077) 
                                        (0078) 
                                        (0079) ;-----------------------------------------------------------------------------
                                        (0080) ; Interrupt Vector Table
                                        (0081) ;-----------------------------------------------------------------------------
                                        (0082) ;
                                        (0083) ; Interrupt vector table entries are 4 bytes long.  Each one contains
                                        (0084) ; a jump instruction to an ISR (Interrupt Service Routine), although
                                        (0085) ; very short ISRs could be encoded within the table itself. Normally,
                                        (0086) ; vector jump targets are modified automatically according to the user
                                        (0087) ; modules selected. This occurs when the 'Generate Application' opera-
                                        (0088) ; tion is run causing PSoC Designer to create boot.asm and the other
                                        (0089) ; configuration files. If you need to hard code a vector, update the
                                        (0090) ; file boot.tpl, not boot.asm. See the banner comment at the beginning
                                        (0091) ; of this file.
                                        (0092) ;-----------------------------------------------------------------------------
                                        (0093) 
                                        (0094)     AREA TOP (ROM, ABS, CON)
                                        (0095) 
                                        (0096)     org   0                        ;Reset Interrupt Vector
                                        (0097) IF	(TOOLCHAIN & HITECH)
                                        (0098) ;   jmp   __Start                  ;C compiler fills in this vector
                                        (0099) ELSE
0000: 80 67    JMP   0x0068             (0100)     jmp   __Start                  ;First instruction executed following a Reset
                                        (0101) ENDIF
                                        (0102)     ;@PSoC_BOOT_ISR_UserCode_START@
                                        (0103)     ;---------------------------------------------------
                                        (0104)     ; Insert your custom code below this banner
                                        (0105)     ;---------------------------------------------------
                                        (0106) 
                                        (0107)     org   04h                      ;Low Voltage Detect (LVD) Interrupt Vector
0004: 30       HALT                     (0108)     halt                           ;Stop execution if power falls too low
                                        (0109) 
                                        (0110)     org   08h                      ;Analog Column 0 Interrupt Vector
                                        (0111)     // call	void_handler
0008: 7E       RETI                     (0112)     reti
                                        (0113) 
                                        (0114)     org   0Ch                      ;Analog Column 1 Interrupt Vector
000C: 7D 04 AA LJMP  _ADC10_ADC_ISR     (0115)     ljmp	_ADC10_ADC_ISR
000F: 7E       RETI                     (0116)     reti
                                        (0117) 
                                        (0118)     org   18h                      ;VC3 Interrupt Vector
                                        (0119)     // call	void_handler
0018: 7E       RETI                     (0120)     reti
                                        (0121) 
                                        (0122)     org   1Ch                      ;GPIO Interrupt Vector
                                        (0123)     // call	void_handler
001C: 7E       RETI                     (0124)     reti
                                        (0125) 
                                        (0126)     org   20h                      ;PSoC Block DBB00 Interrupt Vector
0020: 7D 04 DD LJMP  _ADC10_CNT_ISR     (0127)     ljmp	_ADC10_CNT_ISR
0023: 7E       RETI                     (0128)     reti
                                        (0129) 
                                        (0130)     org   24h                      ;PSoC Block DBB01 Interrupt Vector
                                        (0131)     // call	void_handler
0024: 7E       RETI                     (0132)     reti
                                        (0133) 
                                        (0134)     org   28h                      ;PSoC Block DCB02 Interrupt Vector
                                        (0135)     // call	void_handler
0028: 7E       RETI                     (0136)     reti
                                        (0137) 
                                        (0138)     org   2Ch                      ;PSoC Block DCB03 Interrupt Vector
                                        (0139)     // call	void_handler
002C: 7E       RETI                     (0140)     reti
                                        (0141) 
                                        (0142)     org   60h                      ;PSoC I2C Interrupt Vector
0060: 7D 03 53 LJMP  _EzI2Cs_ISR        (0143)     ljmp	_EzI2Cs_ISR
0063: 7E       RETI                     (0144)     reti
                                        (0145) 
                                        (0146)     org   64h                      ;Sleep Timer Interrupt Vector
                                        (0147)     // call	void_handler
0064: 7E       RETI                     (0148)     reti
0068: 71 10    OR    F,0x10             
                                        (0149)     ;---------------------------------------------------
                                        (0150)     ; Insert your custom code above this banner
                                        (0151)     ;---------------------------------------------------
                                        (0152)     ;@PSoC_BOOT_ISR_UserCode_END@
                                        (0153) 
                                        (0154) ;-----------------------------------------------------------------------------
                                        (0155) ;  Start of Execution.
                                        (0156) ;-----------------------------------------------------------------------------
                                        (0157) ;  The Supervisory ROM SWBootReset function has already completed the
                                        (0158) ;  calibrate1 process, loading trim values for 5 volt operation.
                                        (0159) ;
                                        (0160) 
                                        (0161) IF	(TOOLCHAIN & HITECH)
                                        (0162)  	AREA PD_startup(CODE, REL, CON)
                                        (0163) ELSE
                                        (0164)     org 68h
                                        (0165) ENDIF
                                        (0166) __Start:
                                        (0167) 
                                        (0168)     ; initialize SMP values for voltage stabilization, if required,
                                        (0169)     ; leaving power-on reset (POR) level at the default (low) level, at
                                        (0170)     ; least for now. 
                                        (0171)     ;
                                        (0172)     M8C_SetBank1
006A: 62 E3 83 MOV   REG[0xE3],0x83     (0173)     mov   reg[VLT_CR], SWITCH_MODE_PUMP_JUST | LVD_TBEN_JUST | TRIP_VOLTAGE_JUST
006D: 70 EF    AND   F,0xEF             
006F: 62 E3 38 MOV   REG[0xE3],0x38     
                                        (0174)     M8C_SetBank0
                                        (0175) 
                                        (0176) M8C_ClearWDTAndSleep			   ; Clear WDT before enabling it.
                                        (0177) IF ( WATCHDOG_ENABLE )             ; WDT selected in Global Params
                                        (0178)     M8C_EnableWatchDog
                                        (0179) ENDIF
                                        (0180) 
0072: 41 FE FB AND   REG[0xFE],0xFB     (0181)     and  reg[CPU_SCR1], ~CPU_SCR1_ECO_ALLOWED  ; Prevent ECO from being enabled
                                        (0182) 
                                        (0183)     ;---------------------------
                                        (0184)     ; Set up the Temporary stack
                                        (0185)     ;---------------------------
                                        (0186)     ; A temporary stack is set up for the SSC instructions.
                                        (0187)     ; The real stack start will be assigned later.
                                        (0188)     ;
                                        (0189) _stack_start:          equ 80h
0075: 50 80    MOV   A,0x80             (0190)     mov   A, _stack_start          ; Set top of stack to end of used RAM
0077: 4E       SWAP  SP,A               (0191)     swap  SP, A                    ; This is only temporary if going to LMM
0078: 62 E3 38 MOV   REG[0xE3],0x38     
007B: 5D D0    MOV   A,REG[0xD0]        
007D: 08       PUSH  A                  
007E: 62 D0 00 MOV   REG[0xD0],0x0      
0081: 55 FA 01 MOV   [LEDControl_RT+226],0x1
0084: 4F       MOV   X,SP               
0085: 5B       MOV   A,X                
0086: 01 03    ADD   A,0x3              
0088: 53 F9    MOV   [LEDControl_RT+225],A
008A: 55 F8 3A MOV   [LEDControl_RT+224],0x3A
008D: 50 06    MOV   A,0x6              
008F: 00       SWI                      
0090: 71 10    OR    F,0x10             
0092: 51 F9    MOV   A,[LEDControl_RT+225]
0094: 60 E8    MOV   REG[0xE8],A        
0096: 51 F8    MOV   A,[LEDControl_RT+224]
0098: 60 EA    MOV   REG[0xEA],A        
009A: 70 EF    AND   F,0xEF             
009C: 18       POP   A                  
009D: 60 D0    MOV   REG[0xD0],A        
                                        (0192) 
                                        (0193)     ;------------------------
                                        (0194)     ; Set Power-related Trim 
                                        (0195)     ;------------------------
                                        (0196)     
                                        (0197) M8C_ClearWDTAndSleep
                                        (0198) 
                                        (0199) IF ( POWER_SETTING & POWER_SET_5V0)            ; *** 5.0 Volt operation   ***
                                        (0200)  IF ( POWER_SETTING & POWER_SET_SLOW_IMO)      ; *** 6MHZ Main Oscillator ***
                                        (0201)     or  reg[CPU_SCR1], CPU_SCR1_SLIMO
                                        (0202)     M8SSC_Set2TableTrims 2, SSCTBL2_TRIM_IMO_5V_6MHZ, 1, SSCTBL1_TRIM_BGR_5V
                                        (0203)  ENDIF
                                        (0204) ENDIF ; 5.0 V Operation
                                        (0205) 
                                        (0206) IF ( POWER_SETTING & POWER_SET_3V3)            ; *** 3.3 Volt operation   ***
                                        (0207)  IF ( POWER_SETTING & POWER_SET_SLOW_IMO)      ; *** 6MHZ Main Oscillator ***
                                        (0208)     or  reg[CPU_SCR1], CPU_SCR1_SLIMO
                                        (0209)     M8SSC_Set2TableTrims 2, SSCTBL2_TRIM_IMO_3V_6MHZ, 1, SSCTBL1_TRIM_BGR_3V
                                        (0210)  ELSE                                          ; *** 12MHZ Main Oscillator ***
                                        (0211)     M8SSC_SetTableTrims  1, SSCTBL1_TRIM_IMO_3V_24MHZ, SSCTBL1_TRIM_BGR_3V
                                        (0212)  ENDIF
                                        (0213) ENDIF ; 3.3 Volt Operation
                                        (0214) 
                                        (0215) IF ( POWER_SETTING & POWER_SET_2V7_12MHZ)      ; *** 2.7 Volts / 12MHZ operation ***
                                        (0216)     or  reg[CPU_SCR1], CPU_SCR1_SLIMO
                                        (0217)     M8SSC_SetTableTrims  2, SSCTBL2_TRIM_IMO_2V_12MHZ, SSCTBL2_TRIM_BGR_2V
                                        (0218) ENDIF ; *** 2.7 Volts / 12MHZ operation ***
                                        (0219) 
                                        (0220) IF ( POWER_SETTING & POWER_SET_2V7_6MHZ)       ; *** 2.7 Volts /  6MHZ operation ***
                                        (0221)     or  reg[CPU_SCR1], CPU_SCR1_SLIMO
                                        (0222)     M8SSC_SetTableTrims  2, SSCTBL2_TRIM_IMO_2V_6MHZ,  SSCTBL2_TRIM_BGR_2V
                                        (0223) ENDIF ; *** 2.7 Volts /  6MHZ operation ***
                                        (0224) 
009F: 55 F8 00 MOV   [LEDControl_RT+224],0x0(0225)     mov  [bSSC_KEY1],  0           ; Lock out Flash and Supervisiory operations
00A2: 55 F9 00 MOV   [LEDControl_RT+225],0x0(0226)     mov  [bSSC_KEYSP], 0
00A5: 71 10    OR    F,0x10             
                                        (0227) 
                                        (0228)     ;---------------------------------------
                                        (0229)     ; Initialize Crystal Oscillator and PLL
                                        (0230)     ;---------------------------------------
                                        (0231) IF ( POWER_SETTING & POWER_SET_2V7)       ; *** 2.7 Volts  ***
                                        (0232)     M8C_SetBank1
                                        (0233)     mov   reg[OSC_CR0], (SLEEP_TIMER_JUST | OSC_CR0_CPU_3MHz)
                                        (0234)     M8C_SetBank0
                                        (0235)     M8C_ClearWDTAndSleep           ; Reset the watch dog
                                        (0236) 
                                        (0237) ELSE 	 ;*** all other voltages OK for 12Mhz ***
                                        (0238)     M8C_SetBank1
00A7: 62 E0 02 MOV   REG[0xE0],0x2      (0239)     mov   reg[OSC_CR0], (SLEEP_TIMER_JUST | OSC_CR0_CPU_12MHz)
00AA: 70 EF    AND   F,0xEF             
00AC: 62 E3 38 MOV   REG[0xE3],0x38     
00AF: 62 D1 01 MOV   REG[0xD1],0x1      
                                        (0240)     M8C_SetBank0
                                        (0241)     M8C_ClearWDTAndSleep           ; Reset the watch dog
                                        (0242) 
                                        (0243) ENDIF
                                        (0244) 
                                        (0245) 	;-------------------------------------------------------
                                        (0246)     ; Initialize Proper Drive Mode for External Clock Pin
                                        (0247)     ;-------------------------------------------------------
                                        (0248) 
                                        (0249)     ; Change EXTCLK pin from Hi-Z Analog (110b) drive mode to Hi-Z (010b) drive mode
                                        (0250) 
                                        (0251) IF (SYSCLK_SOURCE)
                                        (0252)     and reg[PRT1DM2],  ~0x10        ; Clear bit 4 of EXTCLK pin's DM2 register 
                                        (0253) ENDIF
                                        (0254)     ; EXTCLK pin is now in proper drive mode to input the external clock signal
                                        (0255) 
                                        (0256) IF	(TOOLCHAIN & HITECH)
                                        (0257)     ;---------------------------------------------
                                        (0258)     ; HI-TECH initialization: Enter the Large Memory Model, if applicable
                                        (0259)     ;---------------------------------------------
                                        (0260) 	global		__Lstackps
                                        (0261) 	mov     a,low __Lstackps
                                        (0262) 	swap    a,sp
                                        (0263) 
                                        (0264) IF ( SYSTEM_LARGE_MEMORY_MODEL )
                                        (0265)     RAM_SETPAGE_STK SYSTEM_STACK_PAGE      ; relocate stack page ...
                                        (0266)     RAM_SETPAGE_IDX2STK            ; initialize other page pointers
                                        (0267)     RAM_SETPAGE_CUR 0
                                        (0268)     RAM_SETPAGE_MVW 0
                                        (0269)     RAM_SETPAGE_MVR 0
                                        (0270)     IF ( SYSTEM_IDXPG_TRACKS_STK_PP ); Now enable paging:
                                        (0271)       or    F, FLAG_PGMODE_11b       ; LMM w/ IndexPage<==>StackPage
                                        (0272)     ELSE
                                        (0273)       or    F, FLAG_PGMODE_10b       ; LMM w/ independent IndexPage
                                        (0274)     ENDIF ;  SYSTEM_IDXPG_TRACKS_STK_PP
                                        (0275) ENDIF ;  SYSTEM_LARGE_MEMORY_MODEL
                                        (0276) ELSE
                                        (0277)     ;---------------------------------------------
                                        (0278)     ; ImageCraft Enter the Large Memory Model, if applicable
                                        (0279)     ;---------------------------------------------
                                        (0280) IF ( SYSTEM_LARGE_MEMORY_MODEL )
                                        (0281)     RAM_SETPAGE_STK SYSTEM_STACK_PAGE      ; relocate stack page ...
00B2: 50 00    MOV   A,0x0              (0282)     mov   A, SYSTEM_STACK_BASE_ADDR        ;   and offset, if any
00B4: 4E       SWAP  SP,A               (0283)     swap  A, SP
00B5: 62 D3 01 MOV   REG[0xD3],0x1      
00B8: 62 D0 00 MOV   REG[0xD0],0x0      
00BB: 62 D5 00 MOV   REG[0xD5],0x0      
00BE: 62 D4 00 MOV   REG[0xD4],0x0      
                                        (0284)     RAM_SETPAGE_IDX2STK            ; initialize other page pointers
                                        (0285)     RAM_SETPAGE_CUR 0
                                        (0286)     RAM_SETPAGE_MVW 0
                                        (0287)     RAM_SETPAGE_MVR 0
                                        (0288) 
                                        (0289)   IF ( SYSTEM_IDXPG_TRACKS_STK_PP ); Now enable paging:
00C1: 71 C0    OR    F,0xC0             (0290)     or    F, FLAG_PGMODE_11b       ; LMM w/ IndexPage<==>StackPage
                                        (0291)   ELSE
                                        (0292)     or    F, FLAG_PGMODE_10b       ; LMM w/ independent IndexPage
                                        (0293)   ENDIF ;  SYSTEM_IDXPG_TRACKS_STK_PP
                                        (0294) ELSE
                                        (0295)     mov   A, __ramareas_end        ; Set top of stack to end of used RAM
                                        (0296)     swap  SP, A
                                        (0297) ENDIF ;  SYSTEM_LARGE_MEMORY_MODEL
                                        (0298) ENDIF ;	TOOLCHAIN
                                        (0299) 
                                        (0300)     ;@PSoC_BOOT_LOADCFG_UserCode_START@
                                        (0301)     ;---------------------------------------------------
                                        (0302)     ; Insert your custom code below this banner
                                        (0303)     ;---------------------------------------------------
                                        (0304) 
                                        (0305)     ;---------------------------------------------------
                                        (0306)     ; Insert your custom code above this banner
                                        (0307)     ;---------------------------------------------------
                                        (0308)     ;@PSoC_BOOT_LOADCFG_UserCode_END@ 
                                        (0309) 
                                        (0310)     ;-------------------------
                                        (0311)     ; Load Base Configuration
                                        (0312)     ;-------------------------
                                        (0313)     ; Load global parameter settings and load the user modules in the
                                        (0314)     ; base configuration. Exceptions: (1) Leave CPU Speed fast as possible
                                        (0315)     ; to minimize start up time; (2) We may still need to play with the
                                        (0316)     ; Sleep Timer.
                                        (0317)     ;
00C3: 7C 02 37 LCALL 0x0237             (0318)     lcall LoadConfigInit
                                        (0319) 
                                        (0320)     ;-----------------------------------
                                        (0321)     ; Initialize C Run-Time Environment
                                        (0322)     ;-----------------------------------
                                        (0323) IF ( C_LANGUAGE_SUPPORT )
                                        (0324) IF ( SYSTEM_SMALL_MEMORY_MODEL )
                                        (0325)     mov  A,0                           ; clear the 'bss' segment to zero
                                        (0326)     mov  [__r0],<__bss_start
                                        (0327) BssLoop:
                                        (0328)     cmp  [__r0],<__bss_end
                                        (0329)     jz   BssDone
                                        (0330)     mvi  [__r0],A
                                        (0331)     jmp  BssLoop
                                        (0332) BssDone:
                                        (0333)     mov  A,>__idata_start              ; copy idata to data segment
                                        (0334)     mov  X,<__idata_start
                                        (0335)     mov  [__r0],<__data_start
                                        (0336) IDataLoop:
                                        (0337)     cmp  [__r0],<__data_end
                                        (0338)     jz   C_RTE_Done
                                        (0339)     push A
                                        (0340)     romx
                                        (0341)     mvi  [__r0],A
                                        (0342)     pop  A
                                        (0343)     inc  X
                                        (0344)     adc  A,0
                                        (0345)     jmp  IDataLoop
                                        (0346) 
                                        (0347) ENDIF ; SYSTEM_SMALL_MEMORY_MODEL
                                        (0348) 
                                        (0349) IF ( SYSTEM_LARGE_MEMORY_MODEL )
00C6: 62 D0 00 MOV   REG[0xD0],0x0      (0350)     mov   reg[CUR_PP], >__r0           ; force direct addr mode instructions
                                        (0351)                                        ; to use the Virtual Register page.
                                        (0352) 
                                        (0353)     ; Dereference the constant (flash) pointer pXIData to access the start
                                        (0354)     ; of the extended idata area, "xidata." Xidata follows the end of the
                                        (0355)     ; text segment and may have been relocated by the Code Compressor.
                                        (0356)     ;
00C9: 50 01    MOV   A,0x1              (0357)     mov   A, >__pXIData                ; Get the address of the flash
00CB: 57 B0    MOV   X,0xB0             (0358)     mov   X, <__pXIData                ;   pointer to the xidata area.
00CD: 08       PUSH  A                  (0359)     push  A
00CE: 28       ROMX                     (0360)     romx                               ; get the MSB of xidata's address
00CF: 53 11    MOV   [__r0],A           (0361)     mov   [__r0], A
00D1: 18       POP   A                  (0362)     pop   A
00D2: 75       INC   X                  (0363)     inc   X
00D3: 09 00    ADC   A,0x0              (0364)     adc   A, 0
00D5: 28       ROMX                     (0365)     romx                               ; get the LSB of xidata's address
00D6: 4B       SWAP  A,X                (0366)     swap  A, X
00D7: 51 11    MOV   A,[__r0]           (0367)     mov   A, [__r0]                    ; pXIData (in [A,X]) points to the
                                        (0368)                                        ;   XIData structure list in flash
00D9: 80 04    JMP   0x00DE             (0369)     jmp   .AccessStruct
                                        (0370) 
                                        (0371)     ; Unpack one element in the xidata "structure list" that specifies the
                                        (0372)     ; values of C variables. Each structure contains 3 member elements.
                                        (0373)     ; The first is a pointer to a contiguous block of RAM to be initial-
                                        (0374)     ; ized. Blocks are always 255 bytes or less in length and never cross
                                        (0375)     ; RAM page boundaries. The list terminates when the MSB of the pointer
                                        (0376)     ; contains 0xFF. There are two formats for the struct depending on the
                                        (0377)     ; value in the second member element, an unsigned byte:
                                        (0378)     ; (1) If the value of the second element is non-zero, it represents
                                        (0379)     ; the 'size' of the block of RAM to be initialized. In this case, the
                                        (0380)     ; third member of the struct is an array of bytes of length 'size' and
                                        (0381)     ; the bytes are copied to the block of RAM.
                                        (0382)     ; (2) If the value of the second element is zero, the block of RAM is
                                        (0383)     ; to be cleared to zero. In this case, the third member of the struct
                                        (0384)     ; is an unsigned byte containing the number of bytes to clear.
                                        (0385) 
                                        (0386) .AccessNextStructLoop:
00DB: 75       INC   X                  (0387)     inc   X                            ; pXIData++
00DC: 09 00    ADC   A,0x0              (0388)     adc   A, 0
00DE: 62 E3 00 MOV   REG[0xE3],0x0      
                                        (0389) .AccessStruct:                         ; Entry point for first block
                                        (0390)     ;
                                        (0391)     ; Assert: pXIData in [A,X] points to the beginning of an XIData struct.
                                        (0392)     ;
                                        (0393)     M8C_ClearWDT                       ; Clear the watchdog for long inits
00E1: 08       PUSH  A                  (0394)     push  A
00E2: 28       ROMX                     (0395)     romx                               ; MSB of RAM addr (CPU.A <- *pXIData)
00E3: 60 D5    MOV   REG[0xD5],A        (0396)     mov   reg[MVW_PP], A               ;   for use with MVI write operations
00E5: 74       INC   A                  (0397)     inc   A                            ; End of Struct List? (MSB==0xFF?)
00E6: A0 4B    JZ    0x0132             (0398)     jz    .C_RTE_WrapUp                ;   Yes, C runtime environment complete
00E8: 18       POP   A                  (0399)     pop   A                            ; restore pXIData to [A,X]
00E9: 75       INC   X                  (0400)     inc   X                            ; pXIData++
00EA: 09 00    ADC   A,0x0              (0401)     adc   A, 0
00EC: 08       PUSH  A                  (0402)     push  A
00ED: 28       ROMX                     (0403)     romx                               ; LSB of RAM addr (CPU.A <- *pXIData)
00EE: 53 11    MOV   [__r0],A           (0404)     mov   [__r0], A                    ; RAM Addr now in [reg[MVW_PP],[__r0]]
00F0: 18       POP   A                  (0405)     pop   A                            ; restore pXIData to [A,X]
00F1: 75       INC   X                  (0406)     inc   X                            ; pXIData++ (point to size)
00F2: 09 00    ADC   A,0x0              (0407)     adc   A, 0
00F4: 08       PUSH  A                  (0408)     push  A
00F5: 28       ROMX                     (0409)     romx                               ; Get the size (CPU.A <- *pXIData)
00F6: A0 1C    JZ    0x0113             (0410)     jz    .ClearRAMBlockToZero         ; If Size==0, then go clear RAM
00F8: 53 10    MOV   [__r1],A           (0411)     mov   [__r1], A                    ;             else downcount in __r1
00FA: 18       POP   A                  (0412)     pop   A                            ; restore pXIData to [A,X]
                                        (0413) 
                                        (0414) .CopyNextByteLoop:
                                        (0415)     ; For each byte in the structure's array member, copy from flash to RAM.
                                        (0416)     ; Assert: pXIData in [A,X] points to previous byte of flash source;
                                        (0417)     ;         [reg[MVW_PP],[__r0]] points to next RAM destination;
                                        (0418)     ;         __r1 holds a non-zero count of the number of bytes remaining.
                                        (0419)     ;
00FB: 75       INC   X                  (0420)     inc   X                            ; pXIData++ (point to next data byte)
00FC: 09 00    ADC   A,0x0              (0421)     adc   A, 0
00FE: 08       PUSH  A                  (0422)     push  A
00FF: 28       ROMX                     (0423)     romx                               ; Get the data value (CPU.A <- *pXIData)
0100: 3F 11    MVI   [__r0],A           (0424)     mvi   [__r0], A                    ; Transfer the data to RAM
0102: 47 11 FF TST   [__r0],0xFF        (0425)     tst   [__r0], 0xff                 ; Check for page crossing
0105: B0 06    JNZ   0x010C             (0426)     jnz   .CopyLoopTail                ;   No crossing, keep going
0107: 5D D5    MOV   A,REG[0xD5]        (0427)     mov   A, reg[ MVW_PP]              ;   If crossing, bump MVW page reg
0109: 74       INC   A                  (0428)     inc   A
010A: 60 D5    MOV   REG[0xD5],A        (0429)     mov   reg[ MVW_PP], A
                                        (0430) .CopyLoopTail:
010C: 18       POP   A                  (0431)     pop   A                            ; restore pXIData to [A,X]
010D: 7A 10    DEC   [__r1]             (0432)     dec   [__r1]                       ; End of this array in flash?
010F: BF EB    JNZ   0x00FB             (0433)     jnz   .CopyNextByteLoop            ;   No,  more bytes to copy
0111: 8F C9    JMP   0x00DB             (0434)     jmp   .AccessNextStructLoop        ;   Yes, initialize another RAM block
                                        (0435) 
                                        (0436) .ClearRAMBlockToZero:
0113: 18       POP   A                  (0437)     pop   A                            ; restore pXIData to [A,X]
0114: 75       INC   X                  (0438)     inc   X                            ; pXIData++ (point to next data byte)
0115: 09 00    ADC   A,0x0              (0439)     adc   A, 0
0117: 08       PUSH  A                  (0440)     push  A
0118: 28       ROMX                     (0441)     romx                               ; Get the run length (CPU.A <- *pXIData)
0119: 53 10    MOV   [__r1],A           (0442)     mov   [__r1], A                    ; Initialize downcounter
011B: 50 00    MOV   A,0x0              (0443)     mov   A, 0                         ; Initialize source data
                                        (0444) 
                                        (0445) .ClearRAMBlockLoop:
                                        (0446)     ; Assert: [reg[MVW_PP],[__r0]] points to next RAM destination and
                                        (0447)     ;         __r1 holds a non-zero count of the number of bytes remaining.
                                        (0448)     ;
011D: 3F 11    MVI   [__r0],A           (0449)     mvi   [__r0], A                    ; Clear a byte
011F: 47 11 FF TST   [__r0],0xFF        (0450)     tst   [__r0], 0xff                 ; Check for page crossing
0122: B0 08    JNZ   0x012B             (0451)     jnz   .ClearLoopTail               ;   No crossing, keep going
0124: 5D D5    MOV   A,REG[0xD5]        (0452)     mov   A, reg[ MVW_PP]              ;   If crossing, bump MVW page reg
0126: 74       INC   A                  (0453)     inc   A
0127: 60 D5    MOV   REG[0xD5],A        (0454)     mov   reg[ MVW_PP], A
0129: 50 00    MOV   A,0x0              (0455)     mov   A, 0                         ; Restore the zero used for clearing
                                        (0456) .ClearLoopTail:
012B: 7A 10    DEC   [__r1]             (0457)     dec   [__r1]                       ; Was this the last byte?
012D: BF EF    JNZ   0x011D             (0458)     jnz   .ClearRAMBlockLoop           ;   No,  continue
012F: 18       POP   A                  (0459)     pop   A                            ;   Yes, restore pXIData to [A,X] and
0130: 8F AA    JMP   0x00DB             (0460)     jmp   .AccessNextStructLoop        ;        initialize another RAM block
                                        (0461) 
                                        (0462) .C_RTE_WrapUp:
0132: 18       POP   A                  (0463)     pop   A                            ; balance stack
0133: 71 10    OR    F,0x10             
                                        (0464) 
                                        (0465) ENDIF ; SYSTEM_LARGE_MEMORY_MODEL
                                        (0466) 
                                        (0467) C_RTE_Done:
                                        (0468) 
                                        (0469) ENDIF ; C_LANGUAGE_SUPPORT
                                        (0470) 
                                        (0471)     ;-------------------------------
                                        (0472)     ; Voltage Stabilization for SMP
                                        (0473)     ;-------------------------------
                                        (0474) 
                                        (0475) IF ( POWER_SETTING & POWER_SET_5V0)    ; 5.0V Operation
                                        (0476) IF ( SWITCH_MODE_PUMP ^ 1 )            ; SMP is operational
                                        (0477)     ;- - - - - - - - - - - - - - - - - - - - - - - - - - - - - - - - - - -
                                        (0478)     ; When using the SMP at 5V, we must wait for Vdd to slew from 3.1V to
                                        (0479)     ; 5V before enabling the Precision Power-On Reset (PPOR).
                                        (0480)     ;- - - - - - - - - - - - - - - - - - - - - - - - - - - - - - - - - - -
                                        (0481)     or   reg[INT_MSK0],INT_MSK0_SLEEP
                                        (0482)     M8C_SetBank1
                                        (0483)     and   reg[OSC_CR0], ~OSC_CR0_SLEEP
                                        (0484)     or    reg[OSC_CR0],  OSC_CR0_SLEEP_512Hz
                                        (0485)     M8C_SetBank0
                                        (0486)     M8C_ClearWDTAndSleep                   ; Restart the sleep timer
                                        (0487)     mov   reg[INT_VC], 0                   ; Clear all pending interrupts
                                        (0488) .WaitFor2ms:
                                        (0489)     tst   reg[INT_CLR0], INT_MSK0_SLEEP    ; Test the SleepTimer Interrupt Status
                                        (0490)     jz   .WaitFor2ms                       ; Branch fails when 2 msec has passed
                                        (0491) ENDIF ; SMP is operational
                                        (0492) ENDIF ; 5.0V Operation
                                        (0493) 
                                        (0494)     ;-------------------------------
                                        (0495)     ; Set Power-On Reset (POR) Level
                                        (0496)     ;-------------------------------
                                        (0497)     ;  The writes to the VLT_CR register below include setting the POR to VLT_CR_POR_HIGH,
                                        (0498)     ;  VLT_CR_POR_MID or VLT_CR_POR_LOW. Correctly setting this value is critical to the proper
                                        (0499)     ;  operation of the PSoC. The POR protects the M8C from mis-executing when Vdd falls low. 
                                        (0500)     ;  These values should not be changed from the settings here. See Section "POR and LVD" of 
                                        (0501)     ;  Technical Reference Manual #001-14463 for more information.
                                        (0502) 
                                        (0503)     M8C_SetBank1
                                        (0504) 
                                        (0505) IF (POWER_SETTING & POWER_SET_2V7)             ; 2.7V Operation?
                                        (0506)                                                ;  Yes, lowest trip already set
                                        (0507) ELSE                                           ;   No, must adjust POR...
                                        (0508) IF (POWER_SETTING & POWER_SET_3V3)             ; 3.3V Operation?
0135: 43 E3 10 OR    REG[0xE3],0x10     (0509)     or   reg[VLT_CR], VLT_CR_POR_MID           ;   Yes, change to midpoint trip
0138: 70 EF    AND   F,0xEF             
                                        (0510) ELSE
                                        (0511) IF (POWER_SETTING & POWER_SET_5V0)             ; 5.0V Operation?
                                        (0512)  IF (POWER_SETTING & POWER_SET_SLOW_IMO)       ; and Slow Mode?
                                        (0513)     or   reg[VLT_CR], VLT_CR_POR_MID           ;   Yes, set to midpoint trip
                                        (0514)  ELSE                                          ;    No, fast mode
                                        (0515)   IF ( CPU_CLOCK_JUST ^ OSC_CR0_CPU_24MHz )    ;      As fast as 24MHz?
                                        (0516)     or   reg[VLT_CR], VLT_CR_POR_MID           ;         No, change to midpoint trip
                                        (0517)   ELSE ; 24HMz                                 ;
                                        (0518)     or    reg[VLT_CR], VLT_CR_POR_HIGH         ;        Yes, switch to	highest setting
                                        (0519)   ENDIF ; 24MHz
                                        (0520)  ENDIF ; Slow Mode
                                        (0521) ENDIF ; 5.0V Operation
                                        (0522) ENDIF ; 3.3V Operation
                                        (0523) ENDIF ; 2.7V Operation
                                        (0524) 
                                        (0525)     M8C_SetBank0
                                        (0526) 
                                        (0527)     ;----------------------------
                                        (0528)     ; Wrap up and invoke "main"
                                        (0529)     ;----------------------------
                                        (0530) 
                                        (0531)     ; Disable the Sleep interrupt that was used for timing above.  In fact,
                                        (0532)     ; no interrupts should be enabled now, so may as well clear the register.
                                        (0533)     ;
013A: 62 E0 00 MOV   REG[0xE0],0x0      (0534)     mov  reg[INT_MSK0],0
013D: 71 10    OR    F,0x10             
                                        (0535) 
                                        (0536)     ; Everything has started OK. Now select requested CPU & sleep frequency.
                                        (0537)     ;
                                        (0538)     M8C_SetBank1
013F: 62 E0 02 MOV   REG[0xE0],0x2      (0539)     mov  reg[OSC_CR0],(SLEEP_TIMER_JUST | CPU_CLOCK_JUST)
0142: 70 EF    AND   F,0xEF             
                                        (0540)     M8C_SetBank0
                                        (0541) 
                                        (0542)     ; Global Interrupt are NOT enabled, this should be done in main().
                                        (0543)     ; LVD is set but will not occur unless Global Interrupts are enabled.
                                        (0544)     ; Global Interrupts should be enabled as soon as possible in main().
                                        (0545)     ;
0144: 62 E2 00 MOV   REG[0xE2],0x0      (0546)     mov  reg[INT_VC],0             ; Clear any pending interrupts which may
                                        (0547)                                    ; have been set during the boot process.
                                        (0548) IF	(TOOLCHAIN & HITECH)
                                        (0549) 	ljmp  startup                  ; Jump to C compiler startup code
                                        (0550) ELSE
                                        (0551) IF ENABLE_LJMP_TO_MAIN
                                        (0552)     ljmp  _main                    ; goto main (no return)
                                        (0553) ELSE
0147: 7C 0A 05 LCALL _main              (0554)     lcall _main                    ; call main
                                        (0555) .Exit:
014A: 8F FF    JMP   0x014A             (0556)     jmp  .Exit                     ; Wait here after return till power-off or reset
                                        (0557) ENDIF
                                        (0558) ENDIF ; TOOLCHAIN
                                        (0559) 
                                        (0560)     ;---------------------------------
                                        (0561)     ; Library Access to Global Parms
                                        (0562)     ;---------------------------------
                                        (0563)     ;
                                        (0564)  bGetPowerSetting:
                                        (0565) _bGetPowerSetting:
                                        (0566)     ; Returns value of POWER_SETTING in the A register.
                                        (0567)     ; No inputs. No Side Effects.
                                        (0568)     ;
                                        (0569) IF (POWER_SETTING & POWER_SET_2V7)
                                        (0570)     mov   A, POWER_SETTING | POWER_SET_SLOW_IMO
                                        (0571) ELSE
014C: 50 08    MOV   A,0x8              (0572)     mov   A, POWER_SETTING          ; Supply voltage and internal main osc
                                        (0573) ENDIF
014E: 7F       RET                      (0574)     ret
                                        (0575) 
                                        (0576) IF	(TOOLCHAIN & HITECH)
                                        (0577) ELSE
                                        (0578)     ;---------------------------------
                                        (0579)     ; Order Critical RAM & ROM AREAs
                                        (0580)     ;---------------------------------
                                        (0581)     ;  'TOP' is all that has been defined so far...
                                        (0582) 
                                        (0583)     ;  ROM AREAs for C CONST, static & global items
                                        (0584)     ;
                                        (0585)     AREA lit               (ROM, REL, CON, LIT)   ; 'const' definitions
                                        (0586)     AREA idata             (ROM, REL, CON, LIT)   ; Constants for initializing RAM
                                        (0587) __idata_start:
                                        (0588) 
                                        (0589)     AREA func_lit          (ROM, REL, CON, proclab)   ; Function Pointers
                                        (0590) __func_lit_start:
                                        (0591) 
                                        (0592) IF ( SYSTEM_LARGE_MEMORY_MODEL )
                                        (0593)     ; We use the func_lit area to store a pointer to extended initialized
                                        (0594)     ; data (xidata) area that follows the text area. Func_lit isn't
                                        (0595)     ; relocated by the code compressor, but the text area may shrink and
                                        (0596)     ; that moves xidata around.
                                        (0597)     ;
                                        (0598) __pXIData:         word __text_end           ; ptr to extended idata
                                        (0599) ENDIF
                                        (0600) 
                                        (0601)     AREA psoc_config       (ROM, REL, CON)   ; Configuration Load & Unload
                                        (0602)     AREA UserModules       (ROM, REL, CON)   ; User Module APIs
                                        (0603) 
                                        (0604)     ; CODE segment for general use
                                        (0605)     ;
                                        (0606)     AREA text (ROM, REL, CON)
                                        (0607) __text_start:
                                        (0608) 
                                        (0609)     ; RAM area usage
                                        (0610)     ;
                                        (0611)     AREA data              (RAM, REL, CON)   ; initialized RAM
                                        (0612) __data_start:
                                        (0613) 
                                        (0614)     AREA virtual_registers (RAM, REL, CON)   ; Temp vars of C compiler
                                        (0615)     AREA InterruptRAM      (RAM, REL, CON)   ; Interrupts, on Page 0
                                        (0616)     AREA bss               (RAM, REL, CON)   ; general use
                                        (0617) __bss_start:
                                        (0618) ENDIF ; TOOLCHAIN
                                        (0619) ; end of file boot.asm
_ADC10_iCal:
    055D: 62 D0 00 MOV   REG[0xD0],0x0
    0560: 4F       MOV   X,SP
    0561: 50 00    MOV   A,0x0
    0563: 08       PUSH  A
    0564: 08       PUSH  A
    0565: 5D 76    MOV   A,REG[0x76]
    0567: 08       PUSH  A
    0568: 5D 60    MOV   A,REG[0x60]
    056A: 08       PUSH  A
    056B: 71 10    OR    F,0x10
    056D: 5D 62    MOV   A,REG[0x62]
    056F: 70 EF    AND   F,0xEF
    0571: 08       PUSH  A
    0572: 90 65    CALL  0x05D9
    0574: 71 10    OR    F,0x10
    0576: 62 E6 00 MOV   REG[0xE6],0x0
    0579: 70 EF    AND   F,0xEF
    057B: 56 FB 80 MOV   [X-5],0x80
    057E: 71 10    OR    F,0x10
    0580: 5D E6    MOV   A,REG[0xE6]
    0582: 33 FB    XOR   A,[X-5]
    0584: 60 E6    MOV   REG[0xE6],A
    0586: 70 EF    AND   F,0xEF
    0588: 9F 84    CALL  _ADC10_StartADC
    058A: 47 0C FF TST   [0xC],0xFF
    058D: AF FC    JZ    0x058A
    058F: 51 0A    MOV   A,[0xA]
    0591: 3B FC    CMP   A,[X-4]
    0593: C0 15    JC    0x05A9
    0595: B0 1F    JNZ   0x05B5
    0597: 51 0B    MOV   A,[0xB]
    0599: 3B FD    CMP   A,[X-3]
    059B: C0 0D    JC    0x05A9
    059D: B0 17    JNZ   0x05B5
    059F: 51 0B    MOV   A,[0xB]
    05A1: 54 01    MOV   [X+1],A
    05A3: 51 0A    MOV   A,[0xA]
    05A5: 54 00    MOV   [X+0],A
    05A7: 80 1B    JMP   0x05C3
    05A9: 71 10    OR    F,0x10
    05AB: 5D E6    MOV   A,REG[0xE6]
    05AD: 33 FB    XOR   A,[X-5]
    05AF: 60 E6    MOV   REG[0xE6],A
    05B1: 70 EF    AND   F,0xEF
    05B3: 80 09    JMP   0x05BD
    05B5: 51 0B    MOV   A,[0xB]
    05B7: 54 01    MOV   [X+1],A
    05B9: 51 0A    MOV   A,[0xA]
    05BB: 54 00    MOV   [X+0],A
    05BD: 01 00    ADD   A,0x0
    05BF: 6F FB    RRC   [X-5]
    05C1: BF BC    JNZ   0x057E
    05C3: 9F 6A    CALL  _ADC10_StopADC
    05C5: 18       POP   A
    05C6: 71 10    OR    F,0x10
    05C8: 60 62    MOV   REG[0x62],A
    05CA: 70 EF    AND   F,0xEF
    05CC: 18       POP   A
    05CD: 60 60    MOV   REG[0x60],A
    05CF: 18       POP   A
    05D0: 60 76    MOV   REG[0x76],A
    05D2: 18       POP   A
    05D3: 20       POP   X
    05D4: 70 3F    AND   F,0x3F
    05D6: 71 C0    OR    F,0xC0
    05D8: 7F       RET   
    05D9: 5D 76    MOV   A,REG[0x76]
    05DB: 21 F8    AND   A,0xF8
    05DD: 48 FB 10 TST   [X-5],0x10
    05E0: B0 06    JNZ   0x05E7
    05E2: 2B FB    OR    A,[X-5]
    05E4: 60 76    MOV   REG[0x76],A
    05E6: 7F       RET   
    05E7: 29 01    OR    A,0x1
    05E9: 60 76    MOV   REG[0x76],A
    05EB: 50 76    MOV   A,0x76
    05ED: 21 04    AND   A,0x4
    05EF: A0 19    JZ    0x0609
    05F1: 48 FB 00 TST   [X-5],0x0
    05F4: B0 0D    JNZ   0x0602
    05F6: 27 FB 0C AND   [X-5],0xC
    05F9: 5D 60    MOV   A,REG[0x60]
    05FB: 21 F3    AND   A,0xF3
    05FD: 2B FB    OR    A,[X-5]
    05FF: 60 60    MOV   REG[0x60],A
    0601: 7F       RET   
    0602: 71 10    OR    F,0x10
    0604: 43 62 80 OR    REG[0x62],0x80
    0607: 70 EF    AND   F,0xEF
    0609: 27 FB 03 AND   [X-5],0x3
    060C: 5D 60    MOV   A,REG[0x60]
    060E: 21 FC    AND   A,0xFC
    0610: 2B FB    OR    A,[X-5]
    0612: 60 60    MOV   REG[0x60],A
    0614: 7F       RET   
FILE: D:\Studia\PSOC\LIGHT\LIGHT\LIGHT\ledcontrol.c
(0001) #include "LEDControl.h" // Dodanie naglowka bilbioteki
(0002) #include <m8c.h>        // Biblioteka zawierajca typy danych, stale etc.
(0003) #include "PSoCAPI.h"    // Biblioteka zaweriajace funkcje dla peryferiw
(0004) 
(0005) //Definiowanie stalej dla maksymalnej wartosci interwalu
(0006) #define IntervalLimit 80
(0007) 
(0008) //Deklaracja stalych dla kolorow diod
(0009) enum LED{NONE, BLUE, GREEN,RED};
(0010) 
(0011) 
(0012) //Inicjalizacja wartosci czestotliwosci migania diod
(0013) LEDControl_RT = 50;
(0014) LEDControl_BT = 50;
(0015) LEDControl_GT = 50;
(0016) 
(0017) /// <summary>
(0018) /// Funkcja inicjalizujca diody
(0019) /// </summary>
(0020) /// <remarks> 
(0021) /// <para>[nazwa modulu]_Start() - w praktyce to samo dzialanie co _Stop, inicjalizuje modul oraz 
(0022) /// wylacza wybrana diode niezalenie od stanu ustawionego w module</para>
(0023) /// <para>LED_RED_On() - wlacza diode czerwona</para>
(0024) /// </remarks>
(0025) void LEDControl_INIT(void)
(0026) {
(0027)   LED_BLUE_Start(); 
__UserModules_end|_LEDControl_INIT|__text_start|_LEDControl_INIT:
    0615: 10       PUSH  X
    0616: 7C 03 1A LCALL LED_BLUE_Stop|_LED_BLUE_Start|LED_BLUE_Start|LED_BLUE_Off|_LED_BLUE_Stop|_LED_BLUE_Off
(0028)   LED_GREEN_Start();
    0619: 7C 02 DD LCALL _LED_GREEN_Start|_LED_GREEN_Stop|_LED_GREEN_Off|LED_GREEN_Start|LED_GREEN_Stop|LED_GREEN_Off
(0029)   LED_RED_Start();
    061C: 7C 02 A0 LCALL LED_RED_Off|_LED_RED_Stop|LED_RED_Stop|_LED_RED_Start|LED_RED_Start|_LED_RED_Off
(0030)   LED_RED_On();
    061F: 7C 02 9C LCALL _LED_RED_On
    0622: 20       POP   X
    0623: 7F       RET   
(0031) }
(0032) 
(0033) /// <summary>
(0034) /// Funkcja suy do bezporedniego sterowania diodami.
(0035) /// </summary>
(0036) /// <remarks>
(0037) /// <para>Funkcja przyjmuje 3 paramatry TRUE/FALSE. TRUE wlacza dioda, FALSE wylacza</para>
(0038) /// <para>[nazwa modulu]_On() wlaczenie diody</para>
(0039) /// <para>[nazwa modulu]_Off() wylaczenie diody</para>
(0040) /// </remarks>
(0041) /// <param name="red">Dioda czerwona</param>
(0042) /// <param name="green">Dioda zielona</param>
(0043) /// <param name="blue">Dioda niebieska</param>
(0044) 
(0045) void LEDControl_ChangeState(BOOL red,BOOL green,BOOL blue)
(0046) {
_LEDControl_ChangeState:
  blue                 --> X-6
  green                --> X-5
  red                  --> X-4
    0624: 10       PUSH  X
    0625: 4F       MOV   X,SP
(0047) 	red ? LED_RED_On() : LED_RED_Off();
    0626: 3D FC 00 CMP   [X-4],0x0
    0629: A0 08    JZ    0x0632
    062B: 10       PUSH  X
    062C: 7C 02 9C LCALL _LED_RED_On
    062F: 20       POP   X
    0630: 80 06    JMP   0x0637
    0632: 10       PUSH  X
    0633: 7C 02 A0 LCALL LED_RED_Off|_LED_RED_Stop|LED_RED_Stop|_LED_RED_Start|LED_RED_Start|_LED_RED_Off
    0636: 20       POP   X
(0048) 	green ? LED_GREEN_On() : LED_GREEN_Off();
    0637: 3D FB 00 CMP   [X-5],0x0
    063A: A0 08    JZ    0x0643
    063C: 10       PUSH  X
    063D: 7C 02 D9 LCALL _LED_GREEN_On
    0640: 20       POP   X
    0641: 80 06    JMP   0x0648
    0643: 10       PUSH  X
    0644: 7C 02 DD LCALL _LED_GREEN_Start|_LED_GREEN_Stop|_LED_GREEN_Off|LED_GREEN_Start|LED_GREEN_Stop|LED_GREEN_Off
    0647: 20       POP   X
(0049) 	blue ? LED_BLUE_On() : LED_BLUE_Off();
    0648: 3D FA 00 CMP   [X-6],0x0
    064B: A0 08    JZ    0x0654
    064D: 10       PUSH  X
    064E: 7C 03 16 LCALL _LED_BLUE_On
    0651: 20       POP   X
    0652: 80 06    JMP   0x0659
    0654: 10       PUSH  X
    0655: 7C 03 1A LCALL LED_BLUE_Stop|_LED_BLUE_Start|LED_BLUE_Start|LED_BLUE_Off|_LED_BLUE_Stop|_LED_BLUE_Off
    0658: 20       POP   X
    0659: 20       POP   X
    065A: 7F       RET   
(0050) }
(0051) 
(0052) /// <summary>
(0053) /// Funkcja zmienia aktualnie swiecaca diode oraz zwraca jej numer
(0054) /// </summary>
(0055) /// <returns>
(0056) /// Zwraca warto 0,1,2 lub 3, zgodna z ENUM[BLUE,GREEN,RED] oraz wykorzystuje funkcje <c>LEDControl_ChangeState()</c>
(0057) /// </returns>
(0058) /// <param name="led">Zmienna do ktrej przekazujemy aktualnie aktywn diode ENUM[BLUE,GREEN,RED]</param>
(0059) /// <param name="isASC">Jesli isASC: TRUE - kolejno od lewej do prawej, False - kolejno od prawej do lewej</param>
(0060) BYTE LEDControl_ChangeStateSwitch(BYTE led ,BOOL isASC)
(0061) {
_LEDControl_ChangeStateSwitch:
  isASC                --> X-5
  led                  --> X-4
    065B: 10       PUSH  X
    065C: 4F       MOV   X,SP
    065D: 38 09    ADD   SP,0x9
(0062)   switch (led)
    065F: 3D FC 00 CMP   [X-4],0x0
    0662: A0 12    JZ    0x0675
    0664: 3D FC 01 CMP   [X-4],0x1
    0667: A0 7B    JZ    0x06E3
    0669: 3D FC 02 CMP   [X-4],0x2
    066C: A0 3F    JZ    0x06AC
    066E: 3D FC 03 CMP   [X-4],0x3
    0671: A0 AA    JZ    0x071C
    0673: 80 E1    JMP   0x0755
(0063)   {
(0064)     case 0:
(0065)       isASC ? LEDControl_ChangeState(TRUE,FALSE,FALSE) : LEDControl_ChangeState(FALSE,FALSE,TRUE);
    0675: 3D FB 00 CMP   [X-5],0x0
    0678: A0 0E    JZ    0x0687
    067A: 50 00    MOV   A,0x0
    067C: 08       PUSH  A
    067D: 08       PUSH  A
    067E: 50 01    MOV   A,0x1
    0680: 08       PUSH  A
    0681: 9F A1    CALL  _LEDControl_ChangeState
    0683: 38 FD    ADD   SP,0xFD
    0685: 80 0C    JMP   0x0692
    0687: 50 01    MOV   A,0x1
    0689: 08       PUSH  A
    068A: 50 00    MOV   A,0x0
    068C: 08       PUSH  A
    068D: 08       PUSH  A
    068E: 9F 94    CALL  _LEDControl_ChangeState
    0690: 38 FD    ADD   SP,0xFD
(0066) 	  return isASC ? RED : BLUE;
    0692: 3D FB 00 CMP   [X-5],0x0
    0695: A0 09    JZ    0x069F
    0697: 56 02 03 MOV   [X+2],0x3
    069A: 56 01 00 MOV   [X+1],0x0
    069D: 80 07    JMP   0x06A5
    069F: 56 02 01 MOV   [X+2],0x1
    06A2: 56 01 00 MOV   [X+1],0x0
    06A5: 62 D0 00 MOV   REG[0xD0],0x0
    06A8: 52 02    MOV   A,[X+2]
    06AA: 80 AF    JMP   0x075A
(0067)       break;
(0068)     case GREEN:
(0069) 	  isASC ? LEDControl_ChangeState(FALSE,FALSE,TRUE) : LEDControl_ChangeState(TRUE,FALSE,FALSE);
    06AC: 3D FB 00 CMP   [X-5],0x0
    06AF: A0 0E    JZ    0x06BE
    06B1: 50 01    MOV   A,0x1
    06B3: 08       PUSH  A
    06B4: 50 00    MOV   A,0x0
    06B6: 08       PUSH  A
    06B7: 08       PUSH  A
    06B8: 9F 6A    CALL  _LEDControl_ChangeState
    06BA: 38 FD    ADD   SP,0xFD
    06BC: 80 0C    JMP   0x06C9
    06BE: 50 00    MOV   A,0x0
    06C0: 08       PUSH  A
    06C1: 08       PUSH  A
    06C2: 50 01    MOV   A,0x1
    06C4: 08       PUSH  A
    06C5: 9F 5D    CALL  _LEDControl_ChangeState
    06C7: 38 FD    ADD   SP,0xFD
(0070)       return isASC ? BLUE : RED;      
    06C9: 3D FB 00 CMP   [X-5],0x0
    06CC: A0 09    JZ    0x06D6
    06CE: 56 04 01 MOV   [X+4],0x1
    06D1: 56 03 00 MOV   [X+3],0x0
    06D4: 80 07    JMP   0x06DC
    06D6: 56 04 03 MOV   [X+4],0x3
    06D9: 56 03 00 MOV   [X+3],0x0
    06DC: 62 D0 00 MOV   REG[0xD0],0x0
    06DF: 52 04    MOV   A,[X+4]
    06E1: 80 78    JMP   0x075A
(0071)       break;
(0072)     case BLUE:
(0073) 	  isASC ? LEDControl_ChangeState(TRUE,FALSE,FALSE) : LEDControl_ChangeState(FALSE,TRUE,FALSE);
    06E3: 3D FB 00 CMP   [X-5],0x0
    06E6: A0 0E    JZ    0x06F5
    06E8: 50 00    MOV   A,0x0
    06EA: 08       PUSH  A
    06EB: 08       PUSH  A
    06EC: 50 01    MOV   A,0x1
    06EE: 08       PUSH  A
    06EF: 9F 33    CALL  _LEDControl_ChangeState
    06F1: 38 FD    ADD   SP,0xFD
    06F3: 80 0E    JMP   0x0702
    06F5: 50 00    MOV   A,0x0
    06F7: 08       PUSH  A
    06F8: 50 01    MOV   A,0x1
    06FA: 08       PUSH  A
    06FB: 50 00    MOV   A,0x0
    06FD: 08       PUSH  A
    06FE: 9F 24    CALL  _LEDControl_ChangeState
    0700: 38 FD    ADD   SP,0xFD
(0074)       return isASC ? RED : GREEN;		
    0702: 3D FB 00 CMP   [X-5],0x0
    0705: A0 09    JZ    0x070F
    0707: 56 06 03 MOV   [X+6],0x3
    070A: 56 05 00 MOV   [X+5],0x0
    070D: 80 07    JMP   0x0715
    070F: 56 06 02 MOV   [X+6],0x2
    0712: 56 05 00 MOV   [X+5],0x0
    0715: 62 D0 00 MOV   REG[0xD0],0x0
    0718: 52 06    MOV   A,[X+6]
    071A: 80 3F    JMP   0x075A
(0075)       break;
(0076)     case RED:
(0077) 	  isASC ? LEDControl_ChangeState(FALSE,TRUE,FALSE) : LEDControl_ChangeState(FALSE,FALSE,TRUE);
    071C: 3D FB 00 CMP   [X-5],0x0
    071F: A0 10    JZ    0x0730
    0721: 50 00    MOV   A,0x0
    0723: 08       PUSH  A
    0724: 50 01    MOV   A,0x1
    0726: 08       PUSH  A
    0727: 50 00    MOV   A,0x0
    0729: 08       PUSH  A
    072A: 9E F8    CALL  _LEDControl_ChangeState
    072C: 38 FD    ADD   SP,0xFD
    072E: 80 0C    JMP   0x073B
    0730: 50 01    MOV   A,0x1
    0732: 08       PUSH  A
    0733: 50 00    MOV   A,0x0
    0735: 08       PUSH  A
    0736: 08       PUSH  A
    0737: 9E EB    CALL  _LEDControl_ChangeState
    0739: 38 FD    ADD   SP,0xFD
(0078)       return isASC ? GREEN : BLUE;
    073B: 3D FB 00 CMP   [X-5],0x0
    073E: A0 09    JZ    0x0748
    0740: 56 08 02 MOV   [X+8],0x2
    0743: 56 07 00 MOV   [X+7],0x0
    0746: 80 07    JMP   0x074E
    0748: 56 08 01 MOV   [X+8],0x1
    074B: 56 07 00 MOV   [X+7],0x0
    074E: 62 D0 00 MOV   REG[0xD0],0x0
    0751: 52 08    MOV   A,[X+8]
    0753: 80 06    JMP   0x075A
(0079)       break;
(0080)     default:
(0081)       return 0;
    0755: 62 D0 00 MOV   REG[0xD0],0x0
    0758: 50 00    MOV   A,0x0
(0082)       break;
    075A: 38 F7    ADD   SP,0xF7
    075C: 20       POP   X
    075D: 7F       RET   
(0083)   }      
(0084) }
(0085) 
(0086) /// <summary>
(0087) /// Funkcja waliduje wartosc czestotliwosci migania diody
(0088) /// </summary>
(0089) /// <remarks>
(0090) /// <para>Funkcja dodaje liczbe addValue ktra moe by ujemna do wartosci podanej w pierwszym parametrze</para>
(0091) /// </remarks>
(0092) /// <returns>
(0093) /// <para>Jeli warto jest mniejsza od 0 to zwraca zero w przeciwnym wypadku</para>
(0094) /// <para>Jeli warto jest wieksza od stalej <c>IntervalLimit</c> to zwraca wartosc <c>IntervalLimit</c></para>
(0095) /// <para>W przeciwnym wypadku zwraca obliczona wartosc</para>
(0096) /// </returns>
(0097) /// <param name="sourceValue">Wartosc modyfikowana</param>
(0098) /// <param name="addValue">Wartosc o ktora bedzie modyfikowana wartosc zrodlowa</param>
(0099) int LEDControl_ValueValidation(int sourceValue, int addValue)
(0100) {
_LEDControl_ValueValidation:
  addValue             --> X-7
  sourceValue          --> X-5
    075E: 10       PUSH  X
    075F: 4F       MOV   X,SP
    0760: 38 04    ADD   SP,0x4
(0101)   sourceValue += addValue;
    0762: 52 FA    MOV   A,[X-6]
    0764: 05 FC    ADD   [X-4],A
    0766: 52 F9    MOV   A,[X-7]
    0768: 0D FB    ADC   [X-5],A
(0102)   sourceValue = sourceValue < 0 ? 0 : sourceValue > IntervalLimit ? IntervalLimit : sourceValue;
    076A: 48 FB 80 TST   [X-5],0x80
    076D: A0 09    JZ    0x0777
    076F: 56 01 00 MOV   [X+1],0x0
    0772: 56 00 00 MOV   [X+0],0x0
    0775: 80 2C    JMP   0x07A2
    0777: 50 50    MOV   A,0x50
    0779: 13 FC    SUB   A,[X-4]
    077B: 52 FB    MOV   A,[X-5]
    077D: 31 80    XOR   A,0x80
    077F: 62 D0 00 MOV   REG[0xD0],0x0
    0782: 53 0F    MOV   [__rX],A
    0784: 50 80    MOV   A,0x80
    0786: 1A 0F    SBB   A,[__rX]
    0788: D0 09    JNC   0x0792
    078A: 56 03 50 MOV   [X+3],0x50
    078D: 56 02 00 MOV   [X+2],0x0
    0790: 80 09    JMP   0x079A
    0792: 52 FC    MOV   A,[X-4]
    0794: 54 03    MOV   [X+3],A
    0796: 52 FB    MOV   A,[X-5]
    0798: 54 02    MOV   [X+2],A
    079A: 52 03    MOV   A,[X+3]
    079C: 54 01    MOV   [X+1],A
    079E: 52 02    MOV   A,[X+2]
    07A0: 54 00    MOV   [X+0],A
    07A2: 52 01    MOV   A,[X+1]
    07A4: 54 FC    MOV   [X-4],A
    07A6: 52 00    MOV   A,[X+0]
    07A8: 54 FB    MOV   [X-5],A
(0103)   return sourceValue;
    07AA: 62 D0 00 MOV   REG[0xD0],0x0
    07AD: 52 FC    MOV   A,[X-4]
    07AF: 53 10    MOV   [__r1],A
    07B1: 52 FB    MOV   A,[X-5]
    07B3: 53 11    MOV   [__r0],A
    07B5: 38 FC    ADD   SP,0xFC
    07B7: 20       POP   X
    07B8: 7F       RET   
(0104) }
(0105) 
(0106) /// <summary>
(0107) /// Funkcja zmienia wartosc czestotliwosc migania diody
(0108) /// </summary>
(0109) /// <remarks>
(0110) /// <para>Funkcja dodaje liczbe addValue ktra moe by ujemna do wartosci podanej w pierwszym parametrze</para>
(0111) /// </remarks>
(0112) /// <param name="led">Warto 0,1,2 lub 3, zgodna z ENUM[BLUE,GREEN,RED] do zmiany czestotliwosci</param>
(0113) /// <param name="value">Wartosc zmiany czestotliwosci</param>
(0114) /// <param name="isAdd">Zmienna Bool determinuje zwiekszanie lub zmniejszanie czestotliowosci</param>
(0115) void LEDControl_ChangeFrequency(BYTE led,int value,BYTE isAdd)
(0116) {
_LEDControl_ChangeFrequency:
  isAdd                --> X-7
  value                --> X-6
  led                  --> X-4
    07B9: 10       PUSH  X
    07BA: 4F       MOV   X,SP
    07BB: 38 03    ADD   SP,0x3
(0117)   value = isAdd ? value : value * -1;	
    07BD: 3D F9 00 CMP   [X-7],0x0
    07C0: A0 0B    JZ    0x07CC
    07C2: 52 FB    MOV   A,[X-5]
    07C4: 54 01    MOV   [X+1],A
    07C6: 52 FA    MOV   A,[X-6]
    07C8: 54 00    MOV   [X+0],A
    07CA: 80 1B    JMP   0x07E6
    07CC: 52 FA    MOV   A,[X-6]
    07CE: 08       PUSH  A
    07CF: 52 FB    MOV   A,[X-5]
    07D1: 08       PUSH  A
    07D2: 50 FF    MOV   A,0xFF
    07D4: 08       PUSH  A
    07D5: 08       PUSH  A
    07D6: 62 D0 00 MOV   REG[0xD0],0x0
    07D9: 7C 0B 71 LCALL 0x0B71
    07DC: 38 FC    ADD   SP,0xFC
    07DE: 51 0F    MOV   A,[__rX]
    07E0: 54 01    MOV   [X+1],A
    07E2: 51 0E    MOV   A,[__rY]
    07E4: 54 00    MOV   [X+0],A
    07E6: 52 01    MOV   A,[X+1]
    07E8: 54 FB    MOV   [X-5],A
    07EA: 52 00    MOV   A,[X+0]
    07EC: 54 FA    MOV   [X-6],A
(0118)   switch (led)
    07EE: 3D FC 01 CMP   [X-4],0x1
    07F1: A0 30    JZ    0x0822
    07F3: 3D FC 02 CMP   [X-4],0x2
    07F6: A0 50    JZ    0x0847
    07F8: 3D FC 03 CMP   [X-4],0x3
    07FB: B0 6E    JNZ   0x086A
(0119)   {
(0120)     case RED:
(0121)       LEDControl_RT = LEDControl_ValueValidation(LEDControl_RT, value);
    07FD: 52 FA    MOV   A,[X-6]
    07FF: 08       PUSH  A
    0800: 52 FB    MOV   A,[X-5]
    0802: 08       PUSH  A
    0803: 62 D0 00 MOV   REG[0xD0],0x0
    0806: 51 18    MOV   A,[LEDControl_RT]
    0808: 08       PUSH  A
    0809: 51 19    MOV   A,[LEDControl_RT+1]
    080B: 08       PUSH  A
    080C: 9F 50    CALL  _LEDControl_ValueValidation
    080E: 38 FC    ADD   SP,0xFC
    0810: 62 D0 00 MOV   REG[0xD0],0x0
    0813: 51 10    MOV   A,[__r1]
    0815: 08       PUSH  A
    0816: 51 11    MOV   A,[__r0]
    0818: 62 D0 00 MOV   REG[0xD0],0x0
    081B: 53 18    MOV   [LEDControl_RT],A
    081D: 18       POP   A
    081E: 53 19    MOV   [LEDControl_RT+1],A
(0122)       break;
    0820: 80 49    JMP   0x086A
(0123)     case BLUE:
(0124) 	  LEDControl_BT = LEDControl_ValueValidation(LEDControl_BT, value);
    0822: 52 FA    MOV   A,[X-6]
    0824: 08       PUSH  A
    0825: 52 FB    MOV   A,[X-5]
    0827: 08       PUSH  A
    0828: 62 D0 00 MOV   REG[0xD0],0x0
    082B: 51 12    MOV   A,[LEDControl_BT]
    082D: 08       PUSH  A
    082E: 51 13    MOV   A,[LEDControl_BT+1]
    0830: 08       PUSH  A
    0831: 9F 2B    CALL  _LEDControl_ValueValidation
    0833: 38 FC    ADD   SP,0xFC
    0835: 62 D0 00 MOV   REG[0xD0],0x0
    0838: 51 10    MOV   A,[__r1]
    083A: 08       PUSH  A
    083B: 51 11    MOV   A,[__r0]
    083D: 62 D0 00 MOV   REG[0xD0],0x0
    0840: 53 12    MOV   [LEDControl_BT],A
    0842: 18       POP   A
    0843: 53 13    MOV   [LEDControl_BT+1],A
(0125)       break;
    0845: 80 24    JMP   0x086A
(0126)     case GREEN:
(0127) 	  LEDControl_GT = LEDControl_ValueValidation(LEDControl_GT, value);
    0847: 52 FA    MOV   A,[X-6]
    0849: 08       PUSH  A
    084A: 52 FB    MOV   A,[X-5]
    084C: 08       PUSH  A
    084D: 62 D0 00 MOV   REG[0xD0],0x0
    0850: 51 14    MOV   A,[LEDControl_GT]
    0852: 08       PUSH  A
    0853: 51 15    MOV   A,[LEDControl_GT+1]
    0855: 08       PUSH  A
    0856: 9F 06    CALL  _LEDControl_ValueValidation
    0858: 38 FC    ADD   SP,0xFC
    085A: 62 D0 00 MOV   REG[0xD0],0x0
    085D: 51 10    MOV   A,[__r1]
    085F: 08       PUSH  A
    0860: 51 11    MOV   A,[__r0]
    0862: 62 D0 00 MOV   REG[0xD0],0x0
    0865: 53 14    MOV   [LEDControl_GT],A
    0867: 18       POP   A
    0868: 53 15    MOV   [LEDControl_GT+1],A
(0128)       break;
(0129)     default:
(0130)       break; 
    086A: 38 FD    ADD   SP,0xFD
    086C: 20       POP   X
    086D: 7F       RET   
(0131)   }
(0132) }
(0133) 
(0134) /// <summary>
(0135) /// Funkcja zmieniajaca stan diod w zaleznosci od licznika cykli petli
(0136) /// </summary>
(0137) /// <remarks>
(0138) /// <para>Funkcja powinna byc umieszczona w petli, a jej licznik powinien byc przekazany jako parametr</para>
(0139) /// <para>Gdy limit cykli LEDControl_RT,LEDControl_GT,LEDControl_BT zostanie osiagniety nastepuje zmiana stanu diody</para>
(0140) /// <para>Rownoczesnie nastepuje wyzerowanie licznika petli i zwrocenie jego wartosci</para>
(0141) /// </remarks>
(0142) /// <param name="led">Warto 0,1,2 lub 3, zgodna z ENUM[BLUE,GREEN,RED]</param>
(0143) /// <param name="blinkLoop">Licznik petli</param>
(0144) int LEDControl_Blink(BYTE led, int blinkLoop)
(0145) {
_LEDControl_Blink:
  blinkLoop            --> X-6
  led                  --> X-4
    086E: 10       PUSH  X
    086F: 4F       MOV   X,SP
    0870: 10       PUSH  X
(0146)   switch (led)
    0871: 3D FC 01 CMP   [X-4],0x1
    0874: A0 3B    JZ    0x08B0
    0876: 3D FC 02 CMP   [X-4],0x2
    0879: A0 66    JZ    0x08E0
    087B: 3D FC 03 CMP   [X-4],0x3
    087E: B0 91    JNZ   0x0910
(0147)   {
(0148)     case RED:
(0149)       if (blinkLoop>=LEDControl_RT)
    0880: 62 D0 00 MOV   REG[0xD0],0x0
    0883: 52 FB    MOV   A,[X-5]
    0885: 12 19    SUB   A,[LEDControl_RT+1]
    0887: 51 18    MOV   A,[LEDControl_RT]
    0889: 31 80    XOR   A,0x80
    088B: 62 D0 00 MOV   REG[0xD0],0x0
    088E: 53 0F    MOV   [__rX],A
    0890: 52 FA    MOV   A,[X-6]
    0892: 31 80    XOR   A,0x80
    0894: 1A 0F    SBB   A,[__rX]
    0896: C0 0C    JC    0x08A3
(0150)         {
(0151)           LED_RED_Invert();
    0898: 10       PUSH  X
    0899: 7C 02 BA LCALL _LED_RED_Invert
    089C: 20       POP   X
(0152)           blinkLoop = 0;
    089D: 56 FB 00 MOV   [X-5],0x0
    08A0: 56 FA 00 MOV   [X-6],0x0
(0153)         }
(0154)         return blinkLoop;
    08A3: 62 D0 00 MOV   REG[0xD0],0x0
    08A6: 52 FB    MOV   A,[X-5]
    08A8: 53 10    MOV   [__r1],A
    08AA: 52 FA    MOV   A,[X-6]
    08AC: 53 11    MOV   [__r0],A
    08AE: 80 6C    JMP   0x091B
(0155)         break;
(0156)     case BLUE:
(0157)       if (blinkLoop>=LEDControl_BT)
    08B0: 62 D0 00 MOV   REG[0xD0],0x0
    08B3: 52 FB    MOV   A,[X-5]
    08B5: 12 13    SUB   A,[LEDControl_BT+1]
    08B7: 51 12    MOV   A,[LEDControl_BT]
    08B9: 31 80    XOR   A,0x80
    08BB: 62 D0 00 MOV   REG[0xD0],0x0
    08BE: 53 0F    MOV   [__rX],A
    08C0: 52 FA    MOV   A,[X-6]
    08C2: 31 80    XOR   A,0x80
    08C4: 1A 0F    SBB   A,[__rX]
    08C6: C0 0C    JC    0x08D3
(0158)       {
(0159)         LED_BLUE_Invert();
    08C8: 10       PUSH  X
    08C9: 7C 03 34 LCALL _LED_BLUE_Invert
    08CC: 20       POP   X
(0160)         blinkLoop = 0;
    08CD: 56 FB 00 MOV   [X-5],0x0
    08D0: 56 FA 00 MOV   [X-6],0x0
(0161)       }
(0162)       return blinkLoop;
    08D3: 62 D0 00 MOV   REG[0xD0],0x0
    08D6: 52 FB    MOV   A,[X-5]
    08D8: 53 10    MOV   [__r1],A
    08DA: 52 FA    MOV   A,[X-6]
    08DC: 53 11    MOV   [__r0],A
    08DE: 80 3C    JMP   0x091B
(0163)       break;
(0164)     case GREEN:
(0165)       if (blinkLoop>=LEDControl_GT)
    08E0: 62 D0 00 MOV   REG[0xD0],0x0
    08E3: 52 FB    MOV   A,[X-5]
    08E5: 12 15    SUB   A,[LEDControl_GT+1]
    08E7: 51 14    MOV   A,[LEDControl_GT]
    08E9: 31 80    XOR   A,0x80
    08EB: 62 D0 00 MOV   REG[0xD0],0x0
    08EE: 53 0F    MOV   [__rX],A
    08F0: 52 FA    MOV   A,[X-6]
    08F2: 31 80    XOR   A,0x80
    08F4: 1A 0F    SBB   A,[__rX]
    08F6: C0 0C    JC    0x0903
(0166)       {
(0167)         LED_GREEN_Invert();
    08F8: 10       PUSH  X
    08F9: 7C 02 F7 LCALL _LED_GREEN_Invert
    08FC: 20       POP   X
(0168)         blinkLoop = 0;
    08FD: 56 FB 00 MOV   [X-5],0x0
    0900: 56 FA 00 MOV   [X-6],0x0
(0169)       }
(0170)       return blinkLoop;
    0903: 62 D0 00 MOV   REG[0xD0],0x0
    0906: 52 FB    MOV   A,[X-5]
    0908: 53 10    MOV   [__r1],A
    090A: 52 FA    MOV   A,[X-6]
    090C: 53 11    MOV   [__r0],A
    090E: 80 0C    JMP   0x091B
(0171)       break;
(0172)     default:
(0173)       return blinkLoop;
    0910: 62 D0 00 MOV   REG[0xD0],0x0
    0913: 52 FB    MOV   A,[X-5]
    0915: 53 10    MOV   [__r1],A
    0917: 52 FA    MOV   A,[X-6]
    0919: 53 11    MOV   [__r0],A
(0174)       break; 
    091B: 20       POP   X
(0175)   }
(0176) }    091C: 20       POP   X
    091D: 7F       RET   
FILE: D:\Studia\PSOC\LIGHT\LIGHT\LIGHT\lightcontrol.c
(0001) #include <m8c.h> // Biblioteka zawierajca typy danych, stale etc.         
(0002) #include "PSoCAPI.h" // Biblioteka zawierajca funkcje PSoC    
(0003) #include "LightControl.h" // Dodanie naglowka bilbioteki
(0004) //Deklaracja i zdefiniowanie stalej rozdzielczosci ADC
(0005) //Uzywany jest przetwornik 10 bitowy std liczba 10
(0006) #define ADC_RESOLUTION 10
(0007) 
(0008) /// <summary>
(0009) /// Funkcja inicjalizujca czujnik wiatla
(0010) /// </summary>
(0011) /// <remarks> 
(0012) /// <para>ADC10_Start() - inicjalizuje modul z parametrem 
(0013) /// <c>ADC10_FULLRANGE</c> oznaczajcy niestandardowy zakres </para>
(0014) /// <para>ADC10_iCal() - Kalibracja przetwrnika ADC 0x01FF = 1.3V
(0015) /// sygnal kalibrujacy pochodzi z VBG</para>
(0016) /// <para>ADC10_StartADC() - uruchomienie cigle odczytu</para>
(0017) /// </remarks>
(0018) void LightControl_INIT(void)
(0019) {
(0020)   ADC10_Start(ADC10_FULLRANGE);
_LightControl_INIT:
    091E: 10       PUSH  X
    091F: 50 03    MOV   A,0x3
    0921: 7C 04 E0 LCALL _ADC10_Start
(0021)   ADC10_iCal(0x1FF, ADC10_CAL_VBG);   	
    0924: 50 03    MOV   A,0x3
    0926: 08       PUSH  A
    0927: 50 01    MOV   A,0x1
    0929: 08       PUSH  A
    092A: 50 FF    MOV   A,0xFF
    092C: 08       PUSH  A
    092D: 7C 05 5D LCALL _ADC10_iCal
    0930: 38 FD    ADD   SP,0xFD
    0932: 62 D0 00 MOV   REG[0xD0],0x0
(0022)   ADC10_StartADC(); 
    0935: 7C 05 0E LCALL _ADC10_StartADC
    0938: 20       POP   X
    0939: 7F       RET   
(0023) }
(0024) 
(0025) /// <summary>
(0026) /// Funkcja odczytujaca wartosc z czujnika swiatla
(0027) /// </summary>
(0028) int LightControl_Scan( void )
(0029) {
_LightControl_Scan:
  readValue            --> X+6
  result               --> X+4
  v1                   --> X+0
    093A: 10       PUSH  X
    093B: 4F       MOV   X,SP
    093C: 38 0A    ADD   SP,0xA
(0030)   //Deklaracja zmiennych tymczasowych
(0031)   long readValue;
(0032)   long v1;
(0033)   int result = 0;
    093E: 56 05 00 MOV   [X+5],0x0
    0941: 56 04 00 MOV   [X+4],0x0
(0034)   /*Sprawdzenie dostepnosci danych */
(0035)   while(ADC10_fIsDataAvailable() == 0){};  
    0944: 10       PUSH  X
    0945: 7C 05 3C LCALL _ADC10_fIsDataAvailable
    0948: 20       POP   X
    0949: 62 D0 00 MOV   REG[0xD0],0x0
    094C: 39 00    CMP   A,0x0
    094E: AF F5    JZ    0x0944
(0036)   {
(0037)     /* Pobranie danych */
(0038)     readValue = ADC10_iGetData(); 			
    0950: 10       PUSH  X
    0951: 7C 05 48 LCALL _ADC10_iGetData
    0954: 62 D0 00 MOV   REG[0xD0],0x0
    0957: 5A 11    MOV   [__r0],X
    0959: 20       POP   X
    095A: 54 09    MOV   [X+9],A
    095C: 51 11    MOV   A,[__r0]
    095E: 54 08    MOV   [X+8],A
    0960: 48 08 80 TST   [X+8],0x80
    0963: A0 09    JZ    0x096D
    0965: 56 07 FF MOV   [X+7],0xFF
    0968: 56 06 FF MOV   [X+6],0xFF
    096B: 80 07    JMP   0x0973
    096D: 56 07 00 MOV   [X+7],0x0
    0970: 56 06 00 MOV   [X+6],0x0
(0039)     v1 = (long) readValue * 101;
    0973: 52 06    MOV   A,[X+6]
    0975: 08       PUSH  A
    0976: 52 07    MOV   A,[X+7]
    0978: 08       PUSH  A
    0979: 52 08    MOV   A,[X+8]
    097B: 08       PUSH  A
    097C: 52 09    MOV   A,[X+9]
    097E: 08       PUSH  A
    097F: 50 00    MOV   A,0x0
    0981: 08       PUSH  A
    0982: 08       PUSH  A
    0983: 08       PUSH  A
    0984: 50 65    MOV   A,0x65
    0986: 08       PUSH  A
    0987: 62 D0 00 MOV   REG[0xD0],0x0
    098A: 7C 0B A1 LCALL 0x0BA1
    098D: 38 FC    ADD   SP,0xFC
    098F: 18       POP   A
    0990: 54 03    MOV   [X+3],A
    0992: 18       POP   A
    0993: 54 02    MOV   [X+2],A
    0995: 18       POP   A
    0996: 54 01    MOV   [X+1],A
    0998: 18       POP   A
    0999: 54 00    MOV   [X+0],A
(0040)     /* Przesunniecie bitowe 1 w lewo o 10 */
(0041)     v1 = v1 / (1 << ADC_RESOLUTION);
    099B: 50 00    MOV   A,0x0
    099D: 08       PUSH  A
    099E: 08       PUSH  A
    099F: 50 04    MOV   A,0x4
    09A1: 08       PUSH  A
    09A2: 50 00    MOV   A,0x0
    09A4: 08       PUSH  A
    09A5: 52 00    MOV   A,[X+0]
    09A7: 08       PUSH  A
    09A8: 52 01    MOV   A,[X+1]
    09AA: 08       PUSH  A
    09AB: 52 02    MOV   A,[X+2]
    09AD: 08       PUSH  A
    09AE: 52 03    MOV   A,[X+3]
    09B0: 08       PUSH  A
    09B1: 7C 0A B9 LCALL 0x0AB9
    09B4: 18       POP   A
    09B5: 54 03    MOV   [X+3],A
    09B7: 18       POP   A
    09B8: 54 02    MOV   [X+2],A
    09BA: 18       POP   A
    09BB: 54 01    MOV   [X+1],A
    09BD: 18       POP   A
    09BE: 54 00    MOV   [X+0],A
    09C0: 38 FC    ADD   SP,0xFC
(0042)     /* Upewnienie sie ze maksymalna liczba to 100 */
(0043)     if (v1 > 100)  v1 = 100;  
    09C2: 50 64    MOV   A,0x64
    09C4: 13 03    SUB   A,[X+3]
    09C6: 50 00    MOV   A,0x0
    09C8: 1B 02    SBB   A,[X+2]
    09CA: 50 00    MOV   A,0x0
    09CC: 1B 01    SBB   A,[X+1]
    09CE: 52 00    MOV   A,[X+0]
    09D0: 31 80    XOR   A,0x80
    09D2: 53 0F    MOV   [__rX],A
    09D4: 50 80    MOV   A,0x80
    09D6: 1A 0F    SBB   A,[__rX]
    09D8: D0 0D    JNC   0x09E6
    09DA: 56 00 00 MOV   [X+0],0x0
    09DD: 56 01 00 MOV   [X+1],0x0
    09E0: 56 02 00 MOV   [X+2],0x0
    09E3: 56 03 64 MOV   [X+3],0x64
(0044)       result = (int) v1;					
    09E6: 62 D0 00 MOV   REG[0xD0],0x0
    09E9: 52 03    MOV   A,[X+3]
    09EB: 53 10    MOV   [__r1],A
    09ED: 52 02    MOV   A,[X+2]
    09EF: 53 11    MOV   [__r0],A
    09F1: 51 10    MOV   A,[__r1]
    09F3: 54 05    MOV   [X+5],A
    09F5: 51 11    MOV   A,[__r0]
    09F7: 54 04    MOV   [X+4],A
(0045)   }
(0046)   //Zwrocenie wartosci
(0047)   return result;
    09F9: 52 05    MOV   A,[X+5]
(0048) }    09FA: 05 53    ADD   [X+83],A
    09FC: 10       PUSH  X
    09FD: 52 04    MOV   A,[X+4]
    09FF: 53 11    MOV   [__r0],A
    0A01: 38 F6    ADD   SP,0xF6
    0A03: 20       POP   X
    0A04: 7F       RET   
FILE: D:\Studia\PSOC\LIGHT\LIGHT\LIGHT\main.c
(0001) #include <m8c.h> // Biblioteka zawierajca typy danych, stale etc.        
(0002) #include "PSoCAPI.h" // Biblioteka zawierajca funkcje PSoC    
(0003) #include "LEDControl.h" // Biblioteka diod LED
(0004) #include "lightcontrol.h" // Biblioteka czujnika wiatla
(0005) 
(0006) struct I2C_Regs 
(0007) { 
(0008) BYTE led;
(0009) BYTE light;
(0010) } Data_Regs;
(0011) 
(0012) void main(void)
(0013) {
_main:
  result               --> X+0
    0A05: 10       PUSH  X
    0A06: 4F       MOV   X,SP
    0A07: 38 04    ADD   SP,0x4
(0014)   EzI2Cs_SetRamBuffer(sizeof(Data_Regs), 2, (BYTE *) &Data_Regs);   /* Setting RAM Buffer */
    0A09: 10       PUSH  X
    0A0A: 50 00    MOV   A,0x0
    0A0C: 08       PUSH  A
    0A0D: 50 16    MOV   A,0x16
    0A0F: 08       PUSH  A
    0A10: 50 02    MOV   A,0x2
    0A12: 08       PUSH  A
    0A13: 08       PUSH  A
    0A14: 7C 04 91 LCALL _EzI2Cs_SetRamBuffer
    0A17: 38 FC    ADD   SP,0xFC
    0A19: 20       POP   X
(0015)   //Inicjalizacja przerwa globalnych, 
(0016)   //konieczne dla ADC
(0017)   M8C_EnableGInt; 
    0A1A: 71 01    OR    F,0x1
(0018)   //Inicjalizacja bilbioteki do
(0019)   //obslugi diod led
(0020)   LEDControl_INIT();
    0A1C: 7C 06 15 LCALL __UserModules_end|_LEDControl_INIT|__text_start|_LEDControl_INIT
(0021)   //Inicjalizacja bilbioteki do
(0022)   //obslugi czujnika swiatla
(0023)   LightControl_INIT();
    0A1F: 7C 09 1E LCALL _LightControl_INIT
(0024)   EzI2Cs_Start();
    0A22: 10       PUSH  X
    0A23: 7C 04 36 LCALL _EzI2Cs_Start
    0A26: 20       POP   X
    0A27: 80 8A    JMP   0x0AB2
(0025) 	
(0026)   while(1)        
(0027)   {
(0028) 	//Pobranie wartosci natezenie swiatla 0-100
(0029)     int result = LightControl_Scan();
    0A29: 7C 09 3A LCALL _LightControl_Scan
    0A2C: 62 D0 00 MOV   REG[0xD0],0x0
    0A2F: 51 10    MOV   A,[__r1]
    0A31: 54 01    MOV   [X+1],A
    0A33: 51 11    MOV   A,[__r0]
    0A35: 54 00    MOV   [X+0],A
(0030) 	Data_Regs.light = result;
    0A37: 52 01    MOV   A,[X+1]
    0A39: 62 D0 00 MOV   REG[0xD0],0x0
    0A3C: 53 17    MOV   [Data_Regs+1],A
(0031) 	Data_Regs.led = result>0x00 ? 1 : 0;
    0A3E: 50 00    MOV   A,0x0
    0A40: 13 01    SUB   A,[X+1]
    0A42: 52 00    MOV   A,[X+0]
    0A44: 31 80    XOR   A,0x80
    0A46: 62 D0 00 MOV   REG[0xD0],0x0
    0A49: 53 0F    MOV   [__rX],A
    0A4B: 50 80    MOV   A,0x80
    0A4D: 1A 0F    SBB   A,[__rX]
    0A4F: D0 09    JNC   0x0A59
    0A51: 56 03 01 MOV   [X+3],0x1
    0A54: 56 02 00 MOV   [X+2],0x0
    0A57: 80 07    JMP   0x0A5F
    0A59: 56 03 00 MOV   [X+3],0x0
    0A5C: 56 02 00 MOV   [X+2],0x0
    0A5F: 52 03    MOV   A,[X+3]
    0A61: 62 D0 00 MOV   REG[0xD0],0x0
    0A64: 53 16    MOV   [Data_Regs],A
(0032) 	//Jesli natezenie > 40 wlacz wszystkie diody
(0033)     //Jesli natezenie > 25 wlacz diode czerwona i zielona
(0034) 	//W przeciwnym wypadku wlacz diode czerwona
(0035) 	result > 40 ? LEDControl_ChangeState(TRUE,TRUE,TRUE) : 
    0A66: 50 28    MOV   A,0x28
    0A68: 13 01    SUB   A,[X+1]
    0A6A: 52 00    MOV   A,[X+0]
    0A6C: 31 80    XOR   A,0x80
    0A6E: 62 D0 00 MOV   REG[0xD0],0x0
    0A71: 53 0F    MOV   [__rX],A
    0A73: 50 80    MOV   A,0x80
    0A75: 1A 0F    SBB   A,[__rX]
    0A77: D0 0D    JNC   0x0A85
    0A79: 50 01    MOV   A,0x1
    0A7B: 08       PUSH  A
    0A7C: 08       PUSH  A
    0A7D: 08       PUSH  A
    0A7E: 7C 06 24 LCALL _LEDControl_ChangeState
    0A81: 38 FD    ADD   SP,0xFD
    0A83: 80 2E    JMP   0x0AB2
    0A85: 50 19    MOV   A,0x19
    0A87: 13 01    SUB   A,[X+1]
    0A89: 52 00    MOV   A,[X+0]
    0A8B: 31 80    XOR   A,0x80
    0A8D: 62 D0 00 MOV   REG[0xD0],0x0
    0A90: 53 0F    MOV   [__rX],A
    0A92: 50 80    MOV   A,0x80
    0A94: 1A 0F    SBB   A,[__rX]
    0A96: D0 0F    JNC   0x0AA6
    0A98: 50 00    MOV   A,0x0
    0A9A: 08       PUSH  A
    0A9B: 50 01    MOV   A,0x1
    0A9D: 08       PUSH  A
    0A9E: 08       PUSH  A
    0A9F: 7C 06 24 LCALL _LEDControl_ChangeState
    0AA2: 38 FD    ADD   SP,0xFD
    0AA4: 80 0D    JMP   0x0AB2
    0AA6: 50 00    MOV   A,0x0
    0AA8: 08       PUSH  A
    0AA9: 08       PUSH  A
    0AAA: 50 01    MOV   A,0x1
    0AAC: 08       PUSH  A
    0AAD: 7C 06 24 LCALL _LEDControl_ChangeState
    0AB0: 38 FD    ADD   SP,0xFD
(0036) 	result > 25 ? LEDControl_ChangeState(TRUE,TRUE,FALSE) : 
(0037) 	LEDControl_ChangeState(TRUE,FALSE,FALSE);   
(0038)   }
    0AB2: 8F 76    JMP   0x0A29
(0039) }
    0AB4: 38 FC    ADD   SP,0xFC
    0AB6: 20       POP   X
    0AB7: 8F FF    JMP   0x0AB7
