 0000                   cpu LMM
                        .module main.c
                        .area text(rom, con, rel)
 0000                   .dbfile ./main.c
 0000                   .dbfile C:\Users\100050~1\DOCUME~1\PSOCDE~1.4PR\FIRSTP~1\FIRSTP~1\main.c
 0000                   .dbfunc e main _main fV
 0000           _main::
 0000                   .dbline -1
 0000                   .dbline 9
 0000           ; //----------------------------------------------------------------------------
 0000           ; // C main line
 0000           ; //----------------------------------------------------------------------------
 0000           ; 
 0000           ; #include <m8c.h>        // part specific constants and macros
 0000           ; #include "PSoCAPI.h"    // PSoC API definitions for all User Modules
 0000           ; 
 0000           ; void main(void)
 0000           ; {
 0000                   .dbline 10
 0000           ;     PWM8_1_Start();
 0000 10                push X
 0001 7C0000            xcall _PWM8_1_Start
 0004                   .dbline 11
 0004           ;       PWM8_2_Start();
 0004 7C0000            xcall _PWM8_2_Start
 0007 20                pop X
 0008                   .dbline -2
 0008           L1:
 0008                   .dbline 0 ; func end
 0008 8FFF              jmp .
 000A                   .dbend
